<?xml version="1.0" encoding="UTF-8"?>
<testng-results skipped="0" failed="0" ignored="4" total="10" passed="6">
  <reporter-output>
  </reporter-output>
  <suite name="Automation tests" duration-ms="161779" started-at="2019-07-05T21:24:02Z" finished-at="2019-07-05T21:26:44Z">
    <groups>
    </groups>
    <test name="ParamTest" duration-ms="161779" started-at="2019-07-05T21:24:02Z" finished-at="2019-07-05T21:26:44Z">
      <class name="testframework.WifiConnectionTest">
        <test-method status="PASS" signature="startAppiumServer()[pri:0, instance:testframework.WifiConnectionTest@77caeb3e]" name="startAppiumServer" is-config="true" duration-ms="5367" started-at="2019-07-05T21:23:57Z" finished-at="2019-07-05T21:24:02Z">
          <reporter-output>
          </reporter-output>
        </test-method> <!-- startAppiumServer -->
        <test-method status="PASS" signature="setupAMethod(java.lang.String)[pri:0, instance:testframework.WifiConnectionTest@77caeb3e]" name="setupAMethod" is-config="true" duration-ms="23213" started-at="2019-07-05T21:24:02Z" finished-at="2019-07-05T21:24:25Z">
          <params>
            <param index="0">
              <value>
                <![CDATA[SampleApp]]>
              </value>
            </param>
          </params>
          <reporter-output>
          </reporter-output>
        </test-method> <!-- setupAMethod -->
        <test-method status="PASS" signature="setupClickPrefCode(java.lang.String)[pri:0, instance:testframework.WifiConnectionTest@77caeb3e]" name="setupClickPrefCode" is-config="true" duration-ms="19342" started-at="2019-07-05T21:24:25Z" finished-at="2019-07-05T21:24:45Z">
          <params>
            <param index="0">
              <value>
                <![CDATA[SampleApp]]>
              </value>
            </param>
          </params>
          <reporter-output>
          </reporter-output>
        </test-method> <!-- setupClickPrefCode -->
        <test-method status="PASS" signature="clickOnPrefDependency()[pri:0, instance:testframework.WifiConnectionTest@77caeb3e]" name="clickOnPrefDependency" duration-ms="2612" started-at="2019-07-05T21:24:45Z" finished-at="2019-07-05T21:24:47Z">
          <reporter-output>
          </reporter-output>
        </test-method> <!-- clickOnPrefDependency -->
        <test-method status="PASS" signature="settingWifi(java.lang.String)[pri:0, instance:testframework.WifiConnectionTest@77caeb3e]" name="settingWifi" duration-ms="23913" started-at="2019-07-05T21:24:47Z" finished-at="2019-07-05T21:25:11Z">
          <params>
            <param index="0">
              <value>
                <![CDATA[param-class]]>
              </value>
            </param>
          </params>
          <reporter-output>
          </reporter-output>
        </test-method> <!-- settingWifi -->
        <test-method status="PASS" signature="tearDown()[pri:0, instance:testframework.WifiConnectionTest@77caeb3e]" name="tearDown" is-config="true" duration-ms="2845" started-at="2019-07-05T21:25:11Z" finished-at="2019-07-05T21:25:14Z">
          <reporter-output>
          </reporter-output>
        </test-method> <!-- tearDown -->
        <test-method status="PASS" signature="closeAppiumServer()[pri:0, instance:testframework.WifiConnectionTest@77caeb3e]" name="closeAppiumServer" is-config="true" duration-ms="53" started-at="2019-07-05T21:26:44Z" finished-at="2019-07-05T21:26:44Z">
          <reporter-output>
          </reporter-output>
        </test-method> <!-- closeAppiumServer -->
      </class> <!-- testframework.WifiConnectionTest -->
      <class name="testframework.ATurnToggleSwitchOnTest">
        <test-method status="PASS" signature="setupAMethod(java.lang.String)[pri:0, instance:testframework.ATurnToggleSwitchOnTest@1e88b3c]" name="setupAMethod" is-config="true" duration-ms="15579" started-at="2019-07-05T21:25:14Z" finished-at="2019-07-05T21:25:30Z">
          <params>
            <param index="0">
              <value>
                <![CDATA[SampleApp]]>
              </value>
            </param>
          </params>
          <reporter-output>
          </reporter-output>
        </test-method> <!-- setupAMethod -->
        <test-method status="PASS" signature="setupClickPrefCode(java.lang.String)[pri:0, instance:testframework.ATurnToggleSwitchOnTest@1e88b3c]" name="setupClickPrefCode" is-config="true" duration-ms="18880" started-at="2019-07-05T21:25:30Z" finished-at="2019-07-05T21:25:49Z">
          <params>
            <param index="0">
              <value>
                <![CDATA[SampleApp]]>
              </value>
            </param>
          </params>
          <reporter-output>
          </reporter-output>
        </test-method> <!-- setupClickPrefCode -->
        <test-method status="PASS" signature="clickPrefCodeButton()[pri:0, instance:testframework.ATurnToggleSwitchOnTest@1e88b3c]" name="clickPrefCodeButton" duration-ms="2435" started-at="2019-07-05T21:25:49Z" finished-at="2019-07-05T21:25:51Z">
          <reporter-output>
          </reporter-output>
        </test-method> <!-- clickPrefCodeButton -->
        <test-method status="PASS" signature="toggleSwitchButton()[pri:0, instance:testframework.ATurnToggleSwitchOnTest@1e88b3c]" name="toggleSwitchButton" duration-ms="4537" started-at="2019-07-05T21:25:51Z" finished-at="2019-07-05T21:25:56Z">
          <reporter-output>
          </reporter-output>
        </test-method> <!-- toggleSwitchButton -->
        <test-method status="PASS" signature="tearDown()[pri:0, instance:testframework.ATurnToggleSwitchOnTest@1e88b3c]" name="tearDown" is-config="true" duration-ms="2902" started-at="2019-07-05T21:25:56Z" finished-at="2019-07-05T21:25:59Z">
          <reporter-output>
          </reporter-output>
        </test-method> <!-- tearDown -->
      </class> <!-- testframework.ATurnToggleSwitchOnTest -->
      <class name="testframework.YChildCheckBoxTest">
        <test-method status="PASS" signature="setupAMethod(java.lang.String)[pri:0, instance:testframework.YChildCheckBoxTest@42d80b78]" name="setupAMethod" is-config="true" duration-ms="18553" started-at="2019-07-05T21:25:59Z" finished-at="2019-07-05T21:26:17Z">
          <params>
            <param index="0">
              <value>
                <![CDATA[SampleApp]]>
              </value>
            </param>
          </params>
          <reporter-output>
          </reporter-output>
        </test-method> <!-- setupAMethod -->
        <test-method status="PASS" signature="setupClickPrefCode(java.lang.String)[pri:0, instance:testframework.YChildCheckBoxTest@42d80b78]" name="setupClickPrefCode" is-config="true" duration-ms="17963" started-at="2019-07-05T21:26:17Z" finished-at="2019-07-05T21:26:35Z">
          <params>
            <param index="0">
              <value>
                <![CDATA[SampleApp]]>
              </value>
            </param>
          </params>
          <reporter-output>
          </reporter-output>
        </test-method> <!-- setupClickPrefCode -->
        <test-method status="PASS" signature="clickOnPreferencCode()[pri:0, instance:testframework.YChildCheckBoxTest@42d80b78]" name="clickOnPreferencCode" duration-ms="2754" started-at="2019-07-05T21:26:35Z" finished-at="2019-07-05T21:26:38Z">
          <reporter-output>
          </reporter-output>
        </test-method> <!-- clickOnPreferencCode -->
        <test-method status="PASS" signature="dclickChildCheckBox()[pri:0, instance:testframework.YChildCheckBoxTest@42d80b78]" name="dclickChildCheckBox" duration-ms="3152" started-at="2019-07-05T21:26:38Z" finished-at="2019-07-05T21:26:41Z">
          <reporter-output>
          </reporter-output>
        </test-method> <!-- dclickChildCheckBox -->
        <test-method status="PASS" signature="tearDown()[pri:0, instance:testframework.YChildCheckBoxTest@42d80b78]" name="tearDown" is-config="true" duration-ms="2835" started-at="2019-07-05T21:26:41Z" finished-at="2019-07-05T21:26:44Z">
          <reporter-output>
          </reporter-output>
        </test-method> <!-- tearDown -->
      </class> <!-- testframework.YChildCheckBoxTest -->
    </test> <!-- ParamTest -->
  </suite> <!-- Automation tests -->
</testng-results>
