<?xml version="1.0" encoding="UTF-8"?>
<!-- Generated by org.testng.reporters.JUnitXMLReporter -->
<testsuite hostname="DESKTOP-0LT175G" ignored="4" name="ParamTest" tests="6" failures="0" timestamp="05 Jul 2019 21:26:44 GMT" time="161.779" errors="0">
  <testcase name="clickOnPrefDependency" time="2.612" classname="testframework.WifiConnectionTest"/>
  <testcase name="settingWifi" time="23.913" classname="testframework.WifiConnectionTest"/>
  <testcase name="clickPrefCodeButton" time="2.435" classname="testframework.ATurnToggleSwitchOnTest"/>
  <testcase name="toggleSwitchButton" time="4.537" classname="testframework.ATurnToggleSwitchOnTest"/>
  <testcase name="clickOnPreferencCode" time="2.754" classname="testframework.YChildCheckBoxTest"/>
  <testcase name="dclickChildCheckBox" time="3.152" classname="testframework.YChildCheckBoxTest"/>
  <testcase name="@BeforeSuite startAppiumServer" time="0.0" classname="resources.BaseTest">
    <ignored/>
  </testcase> <!-- @BeforeSuite startAppiumServer -->
  <testcase name="@BeforeSuite startAppiumServer" time="0.0" classname="resources.BaseTest">
    <ignored/>
  </testcase> <!-- @BeforeSuite startAppiumServer -->
  <testcase name="@AfterSuite closeAppiumServer" time="0.0" classname="resources.BaseTest">
    <ignored/>
  </testcase> <!-- @AfterSuite closeAppiumServer -->
  <testcase name="@AfterSuite closeAppiumServer" time="0.0" classname="resources.BaseTest">
    <ignored/>
  </testcase> <!-- @AfterSuite closeAppiumServer -->
</testsuite> <!-- ParamTest -->
